<?xml version="1.0" encoding="UTF-8" ?>
<testsuite tests="1" failures="0" name="math.operation.ArithmeticOperationsTest" time="0.005" errors="0" skipped="0">
  <properties>
    <property name="java.runtime.name" value="Java(TM) SE Runtime Environment"/>
    <property name="sun.boot.library.path" value="/udir/ragul/Java/jdk1.8.0_171/jre/lib/amd64"/>
    <property name="java.vm.version" value="25.171-b11"/>
    <property name="java.vm.vendor" value="Oracle Corporation"/>
    <property name="maven.multiModuleProjectDirectory" value="/udir/ragul/git/sonar/MathOperations"/>
    <property name="java.vendor.url" value="http://java.oracle.com/"/>
    <property name="path.separator" value=":"/>
    <property name="guice.disable.misplaced.annotation.check" value="true"/>
    <property name="java.vm.name" value="Java HotSpot(TM) 64-Bit Server VM"/>
    <property name="file.encoding.pkg" value="sun.io"/>
    <property name="user.country" value="US"/>
    <property name="sun.java.launcher" value="SUN_STANDARD"/>
    <property name="sun.os.patch.level" value="unknown"/>
    <property name="java.vm.specification.name" value="Java Virtual Machine Specification"/>
    <property name="user.dir" value="/udir/ragul/git/sonar/MathOperations"/>
    <property name="java.runtime.version" value="1.8.0_171-b11"/>
    <property name="java.awt.graphicsenv" value="sun.awt.X11GraphicsEnvironment"/>
    <property name="java.endorsed.dirs" value="/udir/ragul/Java/jdk1.8.0_171/jre/lib/endorsed"/>
    <property name="os.arch" value="amd64"/>
    <property name="java.io.tmpdir" value="/tmp"/>
    <property name="line.separator" value="
"/>
    <property name="java.vm.specification.vendor" value="Oracle Corporation"/>
    <property name="os.name" value="Linux"/>
    <property name="javax.net.ssl.keyStore" value="/home/ragul/.keystore"/>
    <property name="classworlds.conf" value="/ap/nmhn/java/apache-maven-3.3.9/bin/m2.conf"/>
    <property name="sun.jnu.encoding" value="UTF-8"/>
    <property name="javax.net.ssl.keyStorePassword" value="changeit"/>
    <property name="java.library.path" value="/usr/lib64:/udir/ragul/data/lib64:/usr/java/packages/lib/amd64:/usr/lib64:/lib64:/lib:/usr/lib"/>
    <property name="javax.net.ssl.trustStore" value="/home/ragul/.keystore"/>
    <property name="java.specification.name" value="Java Platform API Specification"/>
    <property name="java.class.version" value="52.0"/>
    <property name="sun.management.compiler" value="HotSpot 64-Bit Tiered Compilers"/>
    <property name="os.version" value="3.10.0-1062.12.1.el7.x86_64"/>
    <property name="user.home" value="/home/ragul"/>
    <property name="user.timezone" value="Asia/Kolkata"/>
    <property name="java.awt.printerjob" value="sun.print.PSPrinterJob"/>
    <property name="java.specification.version" value="1.8"/>
    <property name="file.encoding" value="UTF-8"/>
    <property name="user.name" value="ragul"/>
    <property name="java.class.path" value="/ap/nmhn/java/apache-maven-3.3.9/boot/plexus-classworlds-2.5.2.jar"/>
    <property name="nmhn.includedGroupIdPrefixes" value="com.alcatel.access,com.alcatel.ngna"/>
    <property name="org.slf4j.simpleLogger.defaultLogLevel" value="debug"/>
    <property name="java.vm.specification.version" value="1.8"/>
    <property name="sun.arch.data.model" value="64"/>
    <property name="java.home" value="/udir/ragul/Java/jdk1.8.0_171/jre"/>
    <property name="sun.java.command" value="org.codehaus.plexus.classworlds.launcher.Launcher -X clean install"/>
    <property name="java.specification.vendor" value="Oracle Corporation"/>
    <property name="user.language" value="en"/>
    <property name="awt.toolkit" value="sun.awt.X11.XToolkit"/>
    <property name="java.vm.info" value="mixed mode"/>
    <property name="org.apache.maven.global-settings" value="/na/project/maven-global-settings.ngna.xml"/>
    <property name="java.version" value="1.8.0_171"/>
    <property name="java.ext.dirs" value="/udir/ragul/Java/jdk1.8.0_171/jre/lib/ext:/usr/java/packages/lib/ext"/>
    <property name="securerandom.source" value="file:/dev/./urandom"/>
    <property name="sun.boot.class.path" value="/udir/ragul/Java/jdk1.8.0_171/jre/lib/resources.jar:/udir/ragul/Java/jdk1.8.0_171/jre/lib/rt.jar:/udir/ragul/Java/jdk1.8.0_171/jre/lib/sunrsasign.jar:/udir/ragul/Java/jdk1.8.0_171/jre/lib/jsse.jar:/udir/ragul/Java/jdk1.8.0_171/jre/lib/jce.jar:/udir/ragul/Java/jdk1.8.0_171/jre/lib/charsets.jar:/udir/ragul/Java/jdk1.8.0_171/jre/lib/jfr.jar:/udir/ragul/Java/jdk1.8.0_171/jre/classes"/>
    <property name="java.vendor" value="Oracle Corporation"/>
    <property name="maven.home" value="/ap/nmhn/java/apache-maven-3.3.9"/>
    <property name="file.separator" value="/"/>
    <property name="java.vendor.url.bug" value="http://bugreport.sun.com/bugreport/"/>
    <property name="sun.cpu.endian" value="little"/>
    <property name="sun.io.unicode.encoding" value="UnicodeLittle"/>
    <property name="javax.net.ssl.trustStorePassword" value="changeit"/>
    <property name="sun.cpu.isalist" value=""/>
  </properties>
  <testcase classname="math.operation.ArithmeticOperationsTest" name="testAdd" time="0.005"/>
</testsuite>